CollectAllTheStars2/build/outputs/logs/manifest-merger-debug-report.txt
-- Merging decision tree log ---
manifest
ADDED from src/main/AndroidManifest.xml:29:1-59:12
INJECTED from src/main/AndroidManifest.xml:29:1-59:12
INJECTED from src/main/AndroidManifest.xml:29:1-59:12
INJECTED from src/main/AndroidManifest.xml:29:1-59:12
MERGED from [com.android.support:appcompat-v7:27.0.2] AndroidManifest.xml:17:1-22:12
MERGED from [com.google.android.gms:play-services-games:11.6.2] AndroidManifest.xml:16:1-19:12
MERGED from [com.google.android.gms:play-services-auth:11.6.2] AndroidManifest.xml:16:1-26:12
MERGED from [com.google.android.gms:play-services-drive:11.6.2] AndroidManifest.xml:16:1-19:12
MERGED from [com.google.android.gms:play-services-auth-api-phone:11.6.2] AndroidManifest.xml:2:1-4:12
MERGED from [com.google.android.gms:play-services-auth-base:11.6.2] AndroidManifest.xml:2:1-5:12
MERGED from [com.google.android.gms:play-services-base:11.6.2] AndroidManifest.xml:16:1-21:12
MERGED from [com.google.android.gms:play-services-tasks:11.6.2] AndroidManifest.xml:2:1-5:12
MERGED from [com.google.android.gms:play-services-basement:11.6.2] AndroidManifest.xml:16:1-23:12
MERGED from [com.android.support:support-v4:27.0.2] AndroidManifest.xml:17:1-22:12
MERGED from [com.android.support:support-fragment:27.0.2] AndroidManifest.xml:17:1-22:12
MERGED from [com.android.support:support-core-utils:27.0.2] AndroidManifest.xml:17:1-22:12
MERGED from [com.android.support:animated-vector-drawable:27.0.2] AndroidManifest.xml:17:1-22:12
MERGED from [com.android.support:support-vector-drawable:27.0.2] AndroidManifest.xml:17:1-22:12
MERGED from [com.android.support:support-media-compat:27.0.2] AndroidManifest.xml:17:1-22:12
MERGED from [com.android.support:support-core-ui:27.0.2] AndroidManifest.xml:17:1-22:12
MERGED from [com.android.support:support-compat:27.0.2] AndroidManifest.xml:17:1-22:12
MERGED from [com.google.android.gms:play-services-games-license:11.6.2] AndroidManifest.xml:2:1-6:12
MERGED from [android.arch.lifecycle:runtime:1.0.3] AndroidManifest.xml:17:1-24:12
MERGED from [com.google.android.gms:play-services-base-license:11.6.2] AndroidManifest.xml:2:1-6:12
MERGED from [com.google.android.gms:play-services-basement-license:11.6.2] AndroidManifest.xml:2:1-6:12
MERGED from [com.google.android.gms:play-services-drive-license:11.6.2] AndroidManifest.xml:2:1-6:12
MERGED from [com.google.android.gms:play-services-tasks-license:11.6.2] AndroidManifest.xml:2:1-6:12
MERGED from [com.google.android.gms:play-services-auth-api-phone-license:11.6.2] AndroidManifest.xml:2:1-6:12
MERGED from [com.google.android.gms:play-services-auth-base-license:11.6.2] AndroidManifest.xml:2:1-6:12
INJECTED from src/main/AndroidManifest.xml:29:1-59:12
INJECTED from src/main/AndroidManifest.xml:29:1-59:12
INJECTED from src/main/AndroidManifest.xml:29:1-59:12
	package
		ADDED from src/main/AndroidManifest.xml:30:5-45
		INJECTED from src/main/AndroidManifest.xml
		INJECTED from src/main/AndroidManifest.xml
	android:versionName
		INJECTED from src/main/AndroidManifest.xml
		ADDED from src/main/AndroidManifest.xml:29:1-59:12
		INJECTED from src/main/AndroidManifest.xml
	android:versionCode
		INJECTED from src/main/AndroidManifest.xml
		ADDED from src/main/AndroidManifest.xml:29:1-59:12
		INJECTED from src/main/AndroidManifest.xml
	xmlns:android
		ADDED from src/main/AndroidManifest.xml:29:11-69
application
ADDED from src/main/AndroidManifest.xml:32:5-57:19
MERGED from [com.google.android.gms:play-services-games:11.6.2] AndroidManifest.xml:18:5-19
MERGED from [com.google.android.gms:play-services-games:11.6.2] AndroidManifest.xml:18:5-19
MERGED from [com.google.android.gms:play-services-auth:11.6.2] AndroidManifest.xml:19:5-25:19
MERGED from [com.google.android.gms:play-services-auth:11.6.2] AndroidManifest.xml:19:5-25:19
MERGED from [com.google.android.gms:play-services-drive:11.6.2] AndroidManifest.xml:18:5-19
MERGED from [com.google.android.gms:play-services-drive:11.6.2] AndroidManifest.xml:18:5-19
MERGED from [com.google.android.gms:play-services-base:11.6.2] AndroidManifest.xml:18:5-20:19
MERGED from [com.google.android.gms:play-services-base:11.6.2] AndroidManifest.xml:18:5-20:19
MERGED from [com.google.android.gms:play-services-tasks:11.6.2] AndroidManifest.xml:4:5-19
MERGED from [com.google.android.gms:play-services-tasks:11.6.2] AndroidManifest.xml:4:5-19
MERGED from [com.google.android.gms:play-services-basement:11.6.2] AndroidManifest.xml:19:5-21:19
MERGED from [com.google.android.gms:play-services-basement:11.6.2] AndroidManifest.xml:19:5-21:19
MERGED from [com.google.android.gms:play-services-games-license:11.6.2] AndroidManifest.xml:5:5-20
MERGED from [com.google.android.gms:play-services-games-license:11.6.2] AndroidManifest.xml:5:5-20
MERGED from [com.google.android.gms:play-services-base-license:11.6.2] AndroidManifest.xml:5:5-20
MERGED from [com.google.android.gms:play-services-base-license:11.6.2] AndroidManifest.xml:5:5-20
MERGED from [com.google.android.gms:play-services-basement-license:11.6.2] AndroidManifest.xml:5:5-20
MERGED from [com.google.android.gms:play-services-basement-license:11.6.2] AndroidManifest.xml:5:5-20
MERGED from [com.google.android.gms:play-services-drive-license:11.6.2] AndroidManifest.xml:5:5-20
MERGED from [com.google.android.gms:play-services-drive-license:11.6.2] AndroidManifest.xml:5:5-20
MERGED from [com.google.android.gms:play-services-tasks-license:11.6.2] AndroidManifest.xml:5:5-20
MERGED from [com.google.android.gms:play-services-tasks-license:11.6.2] AndroidManifest.xml:5:5-20
MERGED from [com.google.android.gms:play-services-auth-api-phone-license:11.6.2] AndroidManifest.xml:5:5-20
MERGED from [com.google.android.gms:play-services-auth-api-phone-license:11.6.2] AndroidManifest.xml:5:5-20
MERGED from [com.google.android.gms:play-services-auth-base-license:11.6.2] AndroidManifest.xml:5:5-20
MERGED from [com.google.android.gms:play-services-auth-base-license:11.6.2] AndroidManifest.xml:5:5-20
	android:label
		ADDED from src/main/AndroidManifest.xml:35:9-41
	android:icon
		ADDED from src/main/AndroidManifest.xml:34:9-45
	android:allowBackup
		ADDED from src/main/AndroidManifest.xml:33:9-35
	android:theme
		ADDED from src/main/AndroidManifest.xml:36:9-40
meta-data#com.google.android.gms.games.APP_ID
ADDED from src/main/AndroidManifest.xml:38:9-39:46
	android:value
		ADDED from src/main/AndroidManifest.xml:39:13-43
	android:name
		ADDED from src/main/AndroidManifest.xml:38:20-70
meta-data#com.google.android.gms.version
ADDED from src/main/AndroidManifest.xml:40:9-41:75
MERGED from [com.google.android.gms:play-services-basement:11.6.2] AndroidManifest.xml:20:9-121
MERGED from [com.google.android.gms:play-services-basement:11.6.2] AndroidManifest.xml:20:9-121
	android:value
		ADDED from src/main/AndroidManifest.xml:41:20-73
	android:name
		ADDED from src/main/AndroidManifest.xml:40:20-65
activity#com.google.example.games.catt2.MainActivity
ADDED from src/main/AndroidManifest.xml:43:9-53:20
	android:screenOrientation
		ADDED from src/main/AndroidManifest.xml:46:13-49
	android:label
		ADDED from src/main/AndroidManifest.xml:45:13-45
	android:name
		ADDED from src/main/AndroidManifest.xml:44:13-71
intent-filter#action:name:android.intent.action.MAIN+category:name:android.intent.category.LAUNCHER
ADDED from src/main/AndroidManifest.xml:48:13-52:29
action#android.intent.action.MAIN
ADDED from src/main/AndroidManifest.xml:49:17-69
	android:name
		ADDED from src/main/AndroidManifest.xml:49:25-66
category#android.intent.category.LAUNCHER
ADDED from src/main/AndroidManifest.xml:51:17-77
	android:name
		ADDED from src/main/AndroidManifest.xml:51:27-74
activity#com.google.example.games.catt2.SelectSnapshotActivity
ADDED from src/main/AndroidManifest.xml:54:9-56:20
	android:label
		ADDED from src/main/AndroidManifest.xml:55:19-65
	android:name
		ADDED from src/main/AndroidManifest.xml:54:19-87
uses-sdk
INJECTED from src/main/AndroidManifest.xml reason: use-sdk injection requested
INJECTED from src/main/AndroidManifest.xml
INJECTED from src/main/AndroidManifest.xml
MERGED from [com.android.support:appcompat-v7:27.0.2] AndroidManifest.xml:20:5-44
MERGED from [com.android.support:appcompat-v7:27.0.2] AndroidManifest.xml:20:5-44
MERGED from [com.google.android.gms:play-services-games:11.6.2] AndroidManifest.xml:17:5-43
MERGED from [com.google.android.gms:play-services-games:11.6.2] AndroidManifest.xml:17:5-43
MERGED from [com.google.android.gms:play-services-auth:11.6.2] AndroidManifest.xml:17:5-43
MERGED from [com.google.android.gms:play-services-auth:11.6.2] AndroidManifest.xml:17:5-43
MERGED from [com.google.android.gms:play-services-drive:11.6.2] AndroidManifest.xml:17:5-43
MERGED from [com.google.android.gms:play-services-drive:11.6.2] AndroidManifest.xml:17:5-43
MERGED from [com.google.android.gms:play-services-auth-api-phone:11.6.2] AndroidManifest.xml:3:3-41
MERGED from [com.google.android.gms:play-services-auth-api-phone:11.6.2] AndroidManifest.xml:3:3-41
MERGED from [com.google.android.gms:play-services-auth-base:11.6.2] AndroidManifest.xml:4:5-43
MERGED from [com.google.android.gms:play-services-auth-base:11.6.2] AndroidManifest.xml:4:5-43
MERGED from [com.google.android.gms:play-services-base:11.6.2] AndroidManifest.xml:17:5-43
MERGED from [com.google.android.gms:play-services-base:11.6.2] AndroidManifest.xml:17:5-43
MERGED from [com.google.android.gms:play-services-tasks:11.6.2] AndroidManifest.xml:3:5-43
MERGED from [com.google.android.gms:play-services-tasks:11.6.2] AndroidManifest.xml:3:5-43
MERGED from [com.google.android.gms:play-services-basement:11.6.2] AndroidManifest.xml:17:5-43
MERGED from [com.google.android.gms:play-services-basement:11.6.2] AndroidManifest.xml:17:5-43
MERGED from [com.android.support:support-v4:27.0.2] AndroidManifest.xml:20:5-44
MERGED from [com.android.support:support-v4:27.0.2] AndroidManifest.xml:20:5-44
MERGED from [com.android.support:support-fragment:27.0.2] AndroidManifest.xml:20:5-44
MERGED from [com.android.support:support-fragment:27.0.2] AndroidManifest.xml:20:5-44
MERGED from [com.android.support:support-core-utils:27.0.2] AndroidManifest.xml:20:5-44
MERGED from [com.android.support:support-core-utils:27.0.2] AndroidManifest.xml:20:5-44
MERGED from [com.android.support:animated-vector-drawable:27.0.2] AndroidManifest.xml:20:5-44
MERGED from [com.android.support:animated-vector-drawable:27.0.2] AndroidManifest.xml:20:5-44
MERGED from [com.android.support:support-vector-drawable:27.0.2] AndroidManifest.xml:20:5-44
MERGED from [com.android.support:support-vector-drawable:27.0.2] AndroidManifest.xml:20:5-44
MERGED from [com.android.support:support-media-compat:27.0.2] AndroidManifest.xml:20:5-44
MERGED from [com.android.support:support-media-compat:27.0.2] AndroidManifest.xml:20:5-44
MERGED from [com.android.support:support-core-ui:27.0.2] AndroidManifest.xml:20:5-44
MERGED from [com.android.support:support-core-ui:27.0.2] AndroidManifest.xml:20:5-44
MERGED from [com.android.support:support-compat:27.0.2] AndroidManifest.xml:20:5-44
MERGED from [com.android.support:support-compat:27.0.2] AndroidManifest.xml:20:5-44
MERGED from [com.google.android.gms:play-services-games-license:11.6.2] AndroidManifest.xml:4:5-43
MERGED from [com.google.android.gms:play-services-games-license:11.6.2] AndroidManifest.xml:4:5-43
MERGED from [android.arch.lifecycle:runtime:1.0.3] AndroidManifest.xml:20:5-22:41
MERGED from [android.arch.lifecycle:runtime:1.0.3] AndroidManifest.xml:20:5-22:41
MERGED from [com.google.android.gms:play-services-base-license:11.6.2] AndroidManifest.xml:4:5-43
MERGED from [com.google.android.gms:play-services-base-license:11.6.2] AndroidManifest.xml:4:5-43
MERGED from [com.google.android.gms:play-services-basement-license:11.6.2] AndroidManifest.xml:4:5-43
MERGED from [com.google.android.gms:play-services-basement-license:11.6.2] AndroidManifest.xml:4:5-43
MERGED from [com.google.android.gms:play-services-drive-license:11.6.2] AndroidManifest.xml:4:5-43
MERGED from [com.google.android.gms:play-services-drive-license:11.6.2] AndroidManifest.xml:4:5-43
MERGED from [com.google.android.gms:play-services-tasks-license:11.6.2] AndroidManifest.xml:4:5-43
MERGED from [com.google.android.gms:play-services-tasks-license:11.6.2] AndroidManifest.xml:4:5-43
MERGED from [com.google.android.gms:play-services-auth-api-phone-license:11.6.2] AndroidManifest.xml:4:5-43
MERGED from [com.google.android.gms:play-services-auth-api-phone-license:11.6.2] AndroidManifest.xml:4:5-43
MERGED from [com.google.android.gms:play-services-auth-base-license:11.6.2] AndroidManifest.xml:4:5-43
MERGED from [com.google.android.gms:play-services-auth-base-license:11.6.2] AndroidManifest.xml:4:5-43
INJECTED from src/main/AndroidManifest.xml
INJECTED from src/main/AndroidManifest.xml
	android:targetSdkVersion
		INJECTED from src/main/AndroidManifest.xml
		ADDED from src/main/AndroidManifest.xml
		INJECTED from src/main/AndroidManifest.xml
	android:minSdkVersion
		INJECTED from src/main/AndroidManifest.xml
		ADDED from src/main/AndroidManifest.xml
		INJECTED from src/main/AndroidManifest.xml
activity#com.google.android.gms.auth.api.signin.internal.SignInHubActivity
ADDED from [com.google.android.gms:play-services-auth:11.6.2] AndroidManifest.xml:20:9-189
	android:excludeFromRecents
		ADDED from [com.google.android.gms:play-services-auth:11.6.2] AndroidManifest.xml:20:129-162
	android:exported
		ADDED from [com.google.android.gms:play-services-auth:11.6.2] AndroidManifest.xml:20:163-187
	android:theme
		ADDED from [com.google.android.gms:play-services-auth:11.6.2] AndroidManifest.xml:20:69-128
	android:name
		ADDED from [com.google.android.gms:play-services-auth:11.6.2] AndroidManifest.xml:20:19-68
service#com.google.android.gms.auth.api.signin.RevocationBoundService
ADDED from [com.google.android.gms:play-services-auth:11.6.2] AndroidManifest.xml:24:9-184
	android:exported
		ADDED from [com.google.android.gms:play-services-auth:11.6.2] AndroidManifest.xml:24:64-87
	android:permission
		ADDED from [com.google.android.gms:play-services-auth:11.6.2] AndroidManifest.xml:24:88-182
	android:name
		ADDED from [com.google.android.gms:play-services-auth:11.6.2] AndroidManifest.xml:24:18-63
activity#com.google.android.gms.common.api.GoogleApiActivity
ADDED from [com.google.android.gms:play-services-base:11.6.2] AndroidManifest.xml:19:9-172
	android:exported
		ADDED from [com.google.android.gms:play-services-base:11.6.2] AndroidManifest.xml:19:146-170
	android:theme
		ADDED from [com.google.android.gms:play-services-base:11.6.2] AndroidManifest.xml:19:86-145
	android:name
		ADDED from [com.google.android.gms:play-services-base:11.6.2] AndroidManifest.xml:19:19-85